AB 20 minimax 13 2021-05-05T12:53:52.177911
AB 13 minimax 6 2021-05-05T12:54:51.422184
AB 9 minimax 23 2021-05-05T12:56:36.657651
AB 12 minimax 8 2021-05-05T12:58:00.696295
AB 14 minimax 3 2021-05-05T13:00:01.371286
AB 11 minimax 6 2021-05-05T13:01:38.065809
minimax 11 AB 7 2021-05-05T13:02:21.428411
minimax 12 AB 5 2021-05-05T13:04:50.992392
mcts 6 AB 19 2021-05-05T13:16:04.579997
mcts 4 AB 21 2021-05-05T13:17:02.756747
mcts 3 AB 19 2021-05-05T13:21:58.971305
AB 12 minimax 3 2021-05-05T18:33:16.309484
AB 12 minimax 3 2021-05-05T18:42:55.593612
AB 11 minimax 6 2021-05-05T18:44:57.033742
AB 12 minimax 6 2021-05-05T18:50:23.739678
AB 14 minimax 12 2021-05-05T18:58:43.045518
AB 13 minimax 11 2021-05-05T19:05:15.331212
minimax 4 mcts 11 2021-05-05T19:07:10.978973
minimax 18 mcts 4 2021-05-05T19:11:02.827808
AB-PRUNING 13 MCTS 2 2021-05-05T20:34:40.343575
AB-PRUNING 7 MINIMAX 30 2021-05-05T20:42:48.050679
AB-PRUNING 10 MINIMAX 9 2021-05-05T20:43:28.945728
AB-PRUNING 11 MCTS 7 2021-05-05T20:49:41.048018
MINIMAX 3 MCTS 13 2021-05-05T20:50:54.333984
